0 info it worked if it ends with ok
1 verbose cli [ 'C:\\Program Files\\nodejs\\node.exe',
1 verbose cli   'C:\\Program Files\\nodejs\\node_modules\\npm\\bin\\npm-cli.js',
1 verbose cli   'run',
1 verbose cli   'test' ]
2 info using npm@3.5.3
3 info using node@v4.2.2
4 verbose run-script [ 'pretest', 'test', 'posttest' ]
5 info lifecycle Pjax-Standalone@0.6.1~pretest: Pjax-Standalone@0.6.1
6 silly lifecycle Pjax-Standalone@0.6.1~pretest: no script for pretest, continuing
7 info lifecycle Pjax-Standalone@0.6.1~test: Pjax-Standalone@0.6.1
8 verbose lifecycle Pjax-Standalone@0.6.1~test: unsafe-perm in lifecycle true
9 verbose lifecycle Pjax-Standalone@0.6.1~test: PATH: C:\Program Files\nodejs\node_modules\npm\bin\node-gyp-bin;C:\OnGithub\PJAX-Standalone\node_modules\.bin;C:\Program Files (x86)\GnuWin32\bin;C:\ProgramData\Oracle\Java\javapath;C:\Python27\;C:\Python27\Scripts;C:\Program Files\nodejs\;C:\Users\OB\AppData\Roaming\npm;C:\Users\OB\AppData\Local\Code\bin;C:\Program Files\7-Zip\;C:\mongodb\bin;C:\apache-ant\bin;C:\android-sdk\tools;C:\android-sdk\platform-tools;C:\Program Files\Java\jdk1.8.0_60\bin;C:\Program Files\Java\jdk1.8.0_60\jre\bin;C:\MinGW\bin;C:\MinGW\msys\1.0\bin;C:\Program Files (x86)\scala\bin;C:\Program Files\graphicsmagick-1.3.19-q8;C:\Program Files (x86)\ImageMagick-6.8.6-Q16;C:\Program Files (x86)\mosquitto\;C:\Perl64\site\bin;C:\Perl64\bin;C:\PHP\;C:\windows\system32;C:\windows;C:\windows\System32\Wbem;C:\Program Files (x86)\Windows Live\Shared;C:\Program Files\Mercurial;C:\windows\System32\WindowsPowerShell\v1.0\;C:\Program Files\Microsoft SQL Server\110\Tools\Binn\;C:\Program Files (x86)\Microsoft SDKs\TypeScript\;C:\Program Files\Microsoft SQL Server\120\Tools\Binn\;C:\Program Files (x86)\Microsoft SDKs\TypeScript\1.0\;C:\Program Files\Microsoft SQL Server\110\DTS\Binn\;C:\Program Files (x86)\Microsoft SQL Server\110\Tools\Binn\ManagementStudio\;C:\Program Files (x86)\Microsoft SQL Server\110\Tools\Binn\;C:\Program Files (x86)\Microsoft Visual Studio 10.0\Common7\IDE\PrivateAssemblies\;C:\Program Files (x86)\Microsoft SQL Server\110\DTS\Binn\;C:\Program Files (x86)\WinMerge;C:\Program Files (x86)\IDM Computer Solutions\UEStudio\GNU\subversion;C:\Program Files\Microsoft\Web Platform Installer\;C:\Program Files\Microsoft DNX\Dnvm\;C:\WINDOWS\system32;C:\WINDOWS;C:\WINDOWS\System32\Wbem;C:\WINDOWS\System32\WindowsPowerShell\v1.0\;C:\Program Files (x86)\ATI Technologies\ATI.ACE\Core-Static;C:\Program Files (x86)\Windows Kits\10\Windows Performance Toolkit\;C:\Users\OB\AppData\Local\Programs\Git\cmd;C:\Ruby22-x64\bin;C:\Users\OB\AppData\Local\Pandoc\
10 verbose lifecycle Pjax-Standalone@0.6.1~test: CWD: C:\OnGithub\PJAX-Standalone
11 silly lifecycle Pjax-Standalone@0.6.1~test: Args: [ '/d /s /c', 'mocha test/pjax.spec.js' ]
12 silly lifecycle Pjax-Standalone@0.6.1~test: Returned: code: 1  signal: null
13 info lifecycle Pjax-Standalone@0.6.1~test: Failed to exec test script
14 verbose stack Error: Pjax-Standalone@0.6.1 test: `mocha test/pjax.spec.js`
14 verbose stack Exit status 1
14 verbose stack     at EventEmitter.<anonymous> (C:\Program Files\nodejs\node_modules\npm\lib\utils\lifecycle.js:232:16)
14 verbose stack     at emitTwo (events.js:87:13)
14 verbose stack     at EventEmitter.emit (events.js:172:7)
14 verbose stack     at ChildProcess.<anonymous> (C:\Program Files\nodejs\node_modules\npm\lib\utils\spawn.js:24:14)
14 verbose stack     at emitTwo (events.js:87:13)
14 verbose stack     at ChildProcess.emit (events.js:172:7)
14 verbose stack     at maybeClose (internal/child_process.js:818:16)
14 verbose stack     at Process.ChildProcess._handle.onexit (internal/child_process.js:211:5)
15 verbose pkgid Pjax-Standalone@0.6.1
16 verbose cwd C:\OnGithub\PJAX-Standalone
17 error Windows_NT 10.0.10586
18 error argv "C:\\Program Files\\nodejs\\node.exe" "C:\\Program Files\\nodejs\\node_modules\\npm\\bin\\npm-cli.js" "run" "test"
19 error node v4.2.2
20 error npm  v3.5.3
21 error code ELIFECYCLE
22 error Pjax-Standalone@0.6.1 test: `mocha test/pjax.spec.js`
22 error Exit status 1
23 error Failed at the Pjax-Standalone@0.6.1 test script 'mocha test/pjax.spec.js'.
23 error Make sure you have the latest version of node.js and npm installed.
23 error If you do, this is most likely a problem with the Pjax-Standalone package,
23 error not with npm itself.
23 error Tell the author that this fails on your system:
23 error     mocha test/pjax.spec.js
23 error You can get information on how to open an issue for this project with:
23 error     npm bugs Pjax-Standalone
23 error Or if that isn't available, you can get their info via:
23 error     npm owner ls Pjax-Standalone
23 error There is likely additional logging output above.
24 verbose exit [ 1, true ]
